The target system is: Android - 9 - mips
The host system is: Darwin - 15.5.0 - x86_64
Determining if the C compiler works passed with the following output:
Change Dir: /Users/hengwulan/Documents/videoplayer/app/.externalNativeBuild/cmake/debug/mips/CMakeFiles/CMakeTmp

Run Build Command:"/Applications/Androidsdk/cmake/3.6.3155560/bin/ninja" "cmTC_088d9"
[1/2] Building C object CMakeFiles/cmTC_088d9.dir/testCCompiler.c.o
[2/2] Linking C executable cmTC_088d9


Detecting C compiler ABI info compiled with the following output:
Change Dir: /Users/hengwulan/Documents/videoplayer/app/.externalNativeBuild/cmake/debug/mips/CMakeFiles/CMakeTmp

Run Build Command:"/Applications/Androidsdk/cmake/3.6.3155560/bin/ninja" "cmTC_b7b43"
[1/2] Building C object CMakeFiles/cmTC_b7b43.dir/CMakeCCompilerABI.c.o
[2/2] Linking C executable cmTC_b7b43
Android clang version 3.8.256229  (based on LLVM 3.8.256229)
Target: mipsel-none-linux-android
Thread model: posix
InstalledDir: /Applications/Androidsdk/ndk-bundle/toolchains/llvm/prebuilt/darwin-x86_64/bin
Found candidate GCC installation: /Applications/Androidsdk/ndk-bundle/toolchains/mipsel-linux-android-4.9/prebuilt/darwin-x86_64/lib/gcc/mipsel-linux-android/4.9.x
Selected GCC installation: /Applications/Androidsdk/ndk-bundle/toolchains/mipsel-linux-android-4.9/prebuilt/darwin-x86_64/lib/gcc/mipsel-linux-android/4.9.x
Candidate multilib: mips-r6;@march=mips32r6
Candidate multilib: mips-r2;@march=mips32r2
Candidate multilib: .;
Selected multilib: .;
 "/Applications/Androidsdk/ndk-bundle/toolchains/mipsel-linux-android-4.9/prebuilt/darwin-x86_64/lib/gcc/mipsel-linux-android/4.9.x/../../../../mipsel-linux-android/bin/ld" --sysroot=/Applications/Androidsdk/ndk-bundle/platforms/android-9/arch-mips --sysroot=/Applications/Androidsdk/ndk-bundle/platforms/android-9/arch-mips --eh-frame-hdr -m elf32ltsmip -dynamic-linker /system/bin/linker -o cmTC_b7b43 /Applications/Androidsdk/ndk-bundle/platforms/android-9/arch-mips/usr/lib/../lib/crtbegin_dynamic.o -L/Applications/Androidsdk/ndk-bundle/toolchains/mipsel-linux-android-4.9/prebuilt/darwin-x86_64/lib/gcc/mipsel-linux-android/4.9.x -L/Applications/Androidsdk/ndk-bundle/toolchains/mipsel-linux-android-4.9/prebuilt/darwin-x86_64/lib/gcc/mipsel-linux-android/4.9.x/../../../../mipsel-linux-android/lib/../lib -L/Applications/Androidsdk/ndk-bundle/platforms/android-9/arch-mips/usr/lib/../lib -L/Applications/Androidsdk/ndk-bundle/toolchains/mipsel-linux-android-4.9/prebuilt/darwin-x86_64/lib/gcc/mipsel-linux-android/4.9.x/../../../../mipsel-linux-android/lib -L/Applications/Androidsdk/ndk-bundle/platforms/android-9/arch-mips/usr/lib --build-id --warn-shared-textrel --fatal-warnings --no-undefined -z noexecstack -z relro -z now --gc-sections -z nocopyreloc --build-id --warn-shared-textrel --fatal-warnings --no-undefined -z noexecstack -z relro -z now --gc-sections -z nocopyreloc CMakeFiles/cmTC_b7b43.dir/CMakeCCompilerABI.c.o -lgcc -ldl -lc -lgcc -ldl /Applications/Androidsdk/ndk-bundle/platforms/android-9/arch-mips/usr/lib/../lib/crtend_android.o


Parsed C implicit link information from above output:
  link line regex: [^( *|.*[/\])(mipsel-linux-android-ld|([^/\]+-)?ld|collect2)[^/\]*( |$)]
  ignore line: [Change Dir: /Users/hengwulan/Documents/videoplayer/app/.externalNativeBuild/cmake/debug/mips/CMakeFiles/CMakeTmp]
  ignore line: []
  ignore line: [Run Build Command:"/Applications/Androidsdk/cmake/3.6.3155560/bin/ninja" "cmTC_b7b43"]
  ignore line: [[1/2] Building C object CMakeFiles/cmTC_b7b43.dir/CMakeCCompilerABI.c.o]
  ignore line: [[2/2] Linking C executable cmTC_b7b43]
  ignore line: [Android clang version 3.8.256229  (based on LLVM 3.8.256229)]
  ignore line: [Target: mipsel-none-linux-android]
  ignore line: [Thread model: posix]
  ignore line: [InstalledDir: /Applications/Androidsdk/ndk-bundle/toolchains/llvm/prebuilt/darwin-x86_64/bin]
  ignore line: [Found candidate GCC installation: /Applications/Androidsdk/ndk-bundle/toolchains/mipsel-linux-android-4.9/prebuilt/darwin-x86_64/lib/gcc/mipsel-linux-android/4.9.x]
  ignore line: [Selected GCC installation: /Applications/Androidsdk/ndk-bundle/toolchains/mipsel-linux-android-4.9/prebuilt/darwin-x86_64/lib/gcc/mipsel-linux-android/4.9.x]
  ignore line: [Candidate multilib: mips-r6]
  ignore line: [@march=mips32r6]
  ignore line: [Candidate multilib: mips-r2]
  ignore line: [@march=mips32r2]
  ignore line: [Candidate multilib: .]
  ignore line: []
  ignore line: [Selected multilib: .]
  ignore line: []
  link line: [ "/Applications/Androidsdk/ndk-bundle/toolchains/mipsel-linux-android-4.9/prebuilt/darwin-x86_64/lib/gcc/mipsel-linux-android/4.9.x/../../../../mipsel-linux-android/bin/ld" --sysroot=/Applications/Androidsdk/ndk-bundle/platforms/android-9/arch-mips --sysroot=/Applications/Androidsdk/ndk-bundle/platforms/android-9/arch-mips --eh-frame-hdr -m elf32ltsmip -dynamic-linker /system/bin/linker -o cmTC_b7b43 /Applications/Androidsdk/ndk-bundle/platforms/android-9/arch-mips/usr/lib/../lib/crtbegin_dynamic.o -L/Applications/Androidsdk/ndk-bundle/toolchains/mipsel-linux-android-4.9/prebuilt/darwin-x86_64/lib/gcc/mipsel-linux-android/4.9.x -L/Applications/Androidsdk/ndk-bundle/toolchains/mipsel-linux-android-4.9/prebuilt/darwin-x86_64/lib/gcc/mipsel-linux-android/4.9.x/../../../../mipsel-linux-android/lib/../lib -L/Applications/Androidsdk/ndk-bundle/platforms/android-9/arch-mips/usr/lib/../lib -L/Applications/Androidsdk/ndk-bundle/toolchains/mipsel-linux-android-4.9/prebuilt/darwin-x86_64/lib/gcc/mipsel-linux-android/4.9.x/../../../../mipsel-linux-android/lib -L/Applications/Androidsdk/ndk-bundle/platforms/android-9/arch-mips/usr/lib --build-id --warn-shared-textrel --fatal-warnings --no-undefined -z noexecstack -z relro -z now --gc-sections -z nocopyreloc --build-id --warn-shared-textrel --fatal-warnings --no-undefined -z noexecstack -z relro -z now --gc-sections -z nocopyreloc CMakeFiles/cmTC_b7b43.dir/CMakeCCompilerABI.c.o -lgcc -ldl -lc -lgcc -ldl /Applications/Androidsdk/ndk-bundle/platforms/android-9/arch-mips/usr/lib/../lib/crtend_android.o]
    arg [/Applications/Androidsdk/ndk-bundle/toolchains/mipsel-linux-android-4.9/prebuilt/darwin-x86_64/lib/gcc/mipsel-linux-android/4.9.x/../../../../mipsel-linux-android/bin/ld] ==> ignore
    arg [--sysroot=/Applications/Androidsdk/ndk-bundle/platforms/android-9/arch-mips] ==> ignore
    arg [--sysroot=/Applications/Androidsdk/ndk-bundle/platforms/android-9/arch-mips] ==> ignore
    arg [--eh-frame-hdr] ==> ignore
    arg [-m] ==> ignore
    arg [elf32ltsmip] ==> ignore
    arg [-dynamic-linker] ==> ignore
    arg [/system/bin/linker] ==> ignore
    arg [-o] ==> ignore
    arg [cmTC_b7b43] ==> ignore
    arg [/Applications/Androidsdk/ndk-bundle/platforms/android-9/arch-mips/usr/lib/../lib/crtbegin_dynamic.o] ==> ignore
    arg [-L/Applications/Androidsdk/ndk-bundle/toolchains/mipsel-linux-android-4.9/prebuilt/darwin-x86_64/lib/gcc/mipsel-linux-android/4.9.x] ==> dir [/Applications/Androidsdk/ndk-bundle/toolchains/mipsel-linux-android-4.9/prebuilt/darwin-x86_64/lib/gcc/mipsel-linux-android/4.9.x]
    arg [-L/Applications/Androidsdk/ndk-bundle/toolchains/mipsel-linux-android-4.9/prebuilt/darwin-x86_64/lib/gcc/mipsel-linux-android/4.9.x/../../../../mipsel-linux-android/lib/../lib] ==> dir [/Applications/Androidsdk/ndk-bundle/toolchains/mipsel-linux-android-4.9/prebuilt/darwin-x86_64/lib/gcc/mipsel-linux-android/4.9.x/../../../../mipsel-linux-android/lib/../lib]
    arg [-L/Applications/Androidsdk/ndk-bundle/platforms/android-9/arch-mips/usr/lib/../lib] ==> dir [/Applications/Androidsdk/ndk-bundle/platforms/android-9/arch-mips/usr/lib/../lib]
    arg [-L/Applications/Androidsdk/ndk-bundle/toolchains/mipsel-linux-android-4.9/prebuilt/darwin-x86_64/lib/gcc/mipsel-linux-android/4.9.x/../../../../mipsel-linux-android/lib] ==> dir [/Applications/Androidsdk/ndk-bundle/toolchains/mipsel-linux-android-4.9/prebuilt/darwin-x86_64/lib/gcc/mipsel-linux-android/4.9.x/../../../../mipsel-linux-android/lib]
    arg [-L/Applications/Androidsdk/ndk-bundle/platforms/android-9/arch-mips/usr/lib] ==> dir [/Applications/Androidsdk/ndk-bundle/platforms/android-9/arch-mips/usr/lib]
    arg [--build-id] ==> ignore
    arg [--warn-shared-textrel] ==> ignore
    arg [--fatal-warnings] ==> ignore
    arg [--no-undefined] ==> ignore
    arg [-znoexecstack] ==> ignore
    arg [-zrelro] ==> ignore
    arg [-znow] ==> ignore
    arg [--gc-sections] ==> ignore
    arg [-znocopyreloc] ==> ignore
    arg [--build-id] ==> ignore
    arg [--warn-shared-textrel] ==> ignore
    arg [--fatal-warnings] ==> ignore
    arg [--no-undefined] ==> ignore
    arg [-znoexecstack] ==> ignore
    arg [-zrelro] ==> ignore
    arg [-znow] ==> ignore
    arg [--gc-sections] ==> ignore
    arg [-znocopyreloc] ==> ignore
    arg [CMakeFiles/cmTC_b7b43.dir/CMakeCCompilerABI.c.o] ==> ignore
    arg [-lgcc] ==> lib [gcc]
    arg [-ldl] ==> lib [dl]
    arg [-lc] ==> lib [c]
    arg [-lgcc] ==> lib [gcc]
    arg [-ldl] ==> lib [dl]
    arg [/Applications/Androidsdk/ndk-bundle/platforms/android-9/arch-mips/usr/lib/../lib/crtend_android.o] ==> ignore
  remove lib [gcc]
  remove lib [gcc]
  collapse library dir [/Applications/Androidsdk/ndk-bundle/toolchains/mipsel-linux-android-4.9/prebuilt/darwin-x86_64/lib/gcc/mipsel-linux-android/4.9.x] ==> [/Applications/Androidsdk/ndk-bundle/toolchains/mipsel-linux-android-4.9/prebuilt/darwin-x86_64/lib/gcc/mipsel-linux-android/4.9.x]
  collapse library dir [/Applications/Androidsdk/ndk-bundle/toolchains/mipsel-linux-android-4.9/prebuilt/darwin-x86_64/lib/gcc/mipsel-linux-android/4.9.x/../../../../mipsel-linux-android/lib/../lib] ==> [/Applications/Androidsdk/ndk-bundle/toolchains/mipsel-linux-android-4.9/prebuilt/darwin-x86_64/mipsel-linux-android/lib]
  collapse library dir [/Applications/Androidsdk/ndk-bundle/platforms/android-9/arch-mips/usr/lib/../lib] ==> [/Applications/Androidsdk/ndk-bundle/platforms/android-9/arch-mips/usr/lib]
  collapse library dir [/Applications/Androidsdk/ndk-bundle/toolchains/mipsel-linux-android-4.9/prebuilt/darwin-x86_64/lib/gcc/mipsel-linux-android/4.9.x/../../../../mipsel-linux-android/lib] ==> [/Applications/Androidsdk/ndk-bundle/toolchains/mipsel-linux-android-4.9/prebuilt/darwin-x86_64/mipsel-linux-android/lib]
  collapse library dir [/Applications/Androidsdk/ndk-bundle/platforms/android-9/arch-mips/usr/lib] ==> [/Applications/Androidsdk/ndk-bundle/platforms/android-9/arch-mips/usr/lib]
  implicit libs: [dl;c;dl]
  implicit dirs: [/Applications/Androidsdk/ndk-bundle/toolchains/mipsel-linux-android-4.9/prebuilt/darwin-x86_64/lib/gcc/mipsel-linux-android/4.9.x;/Applications/Androidsdk/ndk-bundle/toolchains/mipsel-linux-android-4.9/prebuilt/darwin-x86_64/mipsel-linux-android/lib;/Applications/Androidsdk/ndk-bundle/platforms/android-9/arch-mips/usr/lib]
  implicit fwks: []


Determining if the CXX compiler works passed with the following output:
Change Dir: /Users/hengwulan/Documents/videoplayer/app/.externalNativeBuild/cmake/debug/mips/CMakeFiles/CMakeTmp

Run Build Command:"/Applications/Androidsdk/cmake/3.6.3155560/bin/ninja" "cmTC_c5855"
[1/2] Building CXX object CMakeFiles/cmTC_c5855.dir/testCXXCompiler.cxx.o
[2/2] Linking CXX executable cmTC_c5855


Detecting CXX compiler ABI info compiled with the following output:
Change Dir: /Users/hengwulan/Documents/videoplayer/app/.externalNativeBuild/cmake/debug/mips/CMakeFiles/CMakeTmp

Run Build Command:"/Applications/Androidsdk/cmake/3.6.3155560/bin/ninja" "cmTC_ebd0c"
[1/2] Building CXX object CMakeFiles/cmTC_ebd0c.dir/CMakeCXXCompilerABI.cpp.o
[2/2] Linking CXX executable cmTC_ebd0c
Android clang version 3.8.256229  (based on LLVM 3.8.256229)
Target: mipsel-none-linux-android
Thread model: posix
InstalledDir: /Applications/Androidsdk/ndk-bundle/toolchains/llvm/prebuilt/darwin-x86_64/bin
Found candidate GCC installation: /Applications/Androidsdk/ndk-bundle/toolchains/mipsel-linux-android-4.9/prebuilt/darwin-x86_64/lib/gcc/mipsel-linux-android/4.9.x
Selected GCC installation: /Applications/Androidsdk/ndk-bundle/toolchains/mipsel-linux-android-4.9/prebuilt/darwin-x86_64/lib/gcc/mipsel-linux-android/4.9.x
Candidate multilib: mips-r6;@march=mips32r6
Candidate multilib: mips-r2;@march=mips32r2
Candidate multilib: .;
Selected multilib: .;
 "/Applications/Androidsdk/ndk-bundle/toolchains/mipsel-linux-android-4.9/prebuilt/darwin-x86_64/lib/gcc/mipsel-linux-android/4.9.x/../../../../mipsel-linux-android/bin/ld" --sysroot=/Applications/Androidsdk/ndk-bundle/platforms/android-9/arch-mips --sysroot=/Applications/Androidsdk/ndk-bundle/platforms/android-9/arch-mips --eh-frame-hdr -m elf32ltsmip -dynamic-linker /system/bin/linker -o cmTC_ebd0c /Applications/Androidsdk/ndk-bundle/platforms/android-9/arch-mips/usr/lib/../lib/crtbegin_dynamic.o -L/Applications/Androidsdk/ndk-bundle/toolchains/mipsel-linux-android-4.9/prebuilt/darwin-x86_64/lib/gcc/mipsel-linux-android/4.9.x -L/Applications/Androidsdk/ndk-bundle/toolchains/mipsel-linux-android-4.9/prebuilt/darwin-x86_64/lib/gcc/mipsel-linux-android/4.9.x/../../../../mipsel-linux-android/lib/../lib -L/Applications/Androidsdk/ndk-bundle/platforms/android-9/arch-mips/usr/lib/../lib -L/Applications/Androidsdk/ndk-bundle/toolchains/mipsel-linux-android-4.9/prebuilt/darwin-x86_64/lib/gcc/mipsel-linux-android/4.9.x/../../../../mipsel-linux-android/lib -L/Applications/Androidsdk/ndk-bundle/platforms/android-9/arch-mips/usr/lib --build-id --warn-shared-textrel --fatal-warnings --no-undefined -z noexecstack -z relro -z now --gc-sections -z nocopyreloc --build-id --warn-shared-textrel --fatal-warnings --no-undefined -z noexecstack -z relro -z now --gc-sections -z nocopyreloc CMakeFiles/cmTC_ebd0c.dir/CMakeCXXCompilerABI.cpp.o -lstdc++ -lm -lgcc -lgcc -ldl -lc -lgcc -lgcc -ldl /Applications/Androidsdk/ndk-bundle/platforms/android-9/arch-mips/usr/lib/../lib/crtend_android.o


Parsed CXX implicit link information from above output:
  link line regex: [^( *|.*[/\])(mipsel-linux-android-ld|([^/\]+-)?ld|collect2)[^/\]*( |$)]
  ignore line: [Change Dir: /Users/hengwulan/Documents/videoplayer/app/.externalNativeBuild/cmake/debug/mips/CMakeFiles/CMakeTmp]
  ignore line: []
  ignore line: [Run Build Command:"/Applications/Androidsdk/cmake/3.6.3155560/bin/ninja" "cmTC_ebd0c"]
  ignore line: [[1/2] Building CXX object CMakeFiles/cmTC_ebd0c.dir/CMakeCXXCompilerABI.cpp.o]
  ignore line: [[2/2] Linking CXX executable cmTC_ebd0c]
  ignore line: [Android clang version 3.8.256229  (based on LLVM 3.8.256229)]
  ignore line: [Target: mipsel-none-linux-android]
  ignore line: [Thread model: posix]
  ignore line: [InstalledDir: /Applications/Androidsdk/ndk-bundle/toolchains/llvm/prebuilt/darwin-x86_64/bin]
  ignore line: [Found candidate GCC installation: /Applications/Androidsdk/ndk-bundle/toolchains/mipsel-linux-android-4.9/prebuilt/darwin-x86_64/lib/gcc/mipsel-linux-android/4.9.x]
  ignore line: [Selected GCC installation: /Applications/Androidsdk/ndk-bundle/toolchains/mipsel-linux-android-4.9/prebuilt/darwin-x86_64/lib/gcc/mipsel-linux-android/4.9.x]
  ignore line: [Candidate multilib: mips-r6]
  ignore line: [@march=mips32r6]
  ignore line: [Candidate multilib: mips-r2]
  ignore line: [@march=mips32r2]
  ignore line: [Candidate multilib: .]
  ignore line: []
  ignore line: [Selected multilib: .]
  ignore line: []
  link line: [ "/Applications/Androidsdk/ndk-bundle/toolchains/mipsel-linux-android-4.9/prebuilt/darwin-x86_64/lib/gcc/mipsel-linux-android/4.9.x/../../../../mipsel-linux-android/bin/ld" --sysroot=/Applications/Androidsdk/ndk-bundle/platforms/android-9/arch-mips --sysroot=/Applications/Androidsdk/ndk-bundle/platforms/android-9/arch-mips --eh-frame-hdr -m elf32ltsmip -dynamic-linker /system/bin/linker -o cmTC_ebd0c /Applications/Androidsdk/ndk-bundle/platforms/android-9/arch-mips/usr/lib/../lib/crtbegin_dynamic.o -L/Applications/Androidsdk/ndk-bundle/toolchains/mipsel-linux-android-4.9/prebuilt/darwin-x86_64/lib/gcc/mipsel-linux-android/4.9.x -L/Applications/Androidsdk/ndk-bundle/toolchains/mipsel-linux-android-4.9/prebuilt/darwin-x86_64/lib/gcc/mipsel-linux-android/4.9.x/../../../../mipsel-linux-android/lib/../lib -L/Applications/Androidsdk/ndk-bundle/platforms/android-9/arch-mips/usr/lib/../lib -L/Applications/Androidsdk/ndk-bundle/toolchains/mipsel-linux-android-4.9/prebuilt/darwin-x86_64/lib/gcc/mipsel-linux-android/4.9.x/../../../../mipsel-linux-android/lib -L/Applications/Androidsdk/ndk-bundle/platforms/android-9/arch-mips/usr/lib --build-id --warn-shared-textrel --fatal-warnings --no-undefined -z noexecstack -z relro -z now --gc-sections -z nocopyreloc --build-id --warn-shared-textrel --fatal-warnings --no-undefined -z noexecstack -z relro -z now --gc-sections -z nocopyreloc CMakeFiles/cmTC_ebd0c.dir/CMakeCXXCompilerABI.cpp.o -lstdc++ -lm -lgcc -lgcc -ldl -lc -lgcc -lgcc -ldl /Applications/Androidsdk/ndk-bundle/platforms/android-9/arch-mips/usr/lib/../lib/crtend_android.o]
    arg [/Applications/Androidsdk/ndk-bundle/toolchains/mipsel-linux-android-4.9/prebuilt/darwin-x86_64/lib/gcc/mipsel-linux-android/4.9.x/../../../../mipsel-linux-android/bin/ld] ==> ignore
    arg [--sysroot=/Applications/Androidsdk/ndk-bundle/platforms/android-9/arch-mips] ==> ignore
    arg [--sysroot=/Applications/Androidsdk/ndk-bundle/platforms/android-9/arch-mips] ==> ignore
    arg [--eh-frame-hdr] ==> ignore
    arg [-m] ==> ignore
    arg [elf32ltsmip] ==> ignore
    arg [-dynamic-linker] ==> ignore
    arg [/system/bin/linker] ==> ignore
    arg [-o] ==> ignore
    arg [cmTC_ebd0c] ==> ignore
    arg [/Applications/Androidsdk/ndk-bundle/platforms/android-9/arch-mips/usr/lib/../lib/crtbegin_dynamic.o] ==> ignore
    arg [-L/Applications/Androidsdk/ndk-bundle/toolchains/mipsel-linux-android-4.9/prebuilt/darwin-x86_64/lib/gcc/mipsel-linux-android/4.9.x] ==> dir [/Applications/Androidsdk/ndk-bundle/toolchains/mipsel-linux-android-4.9/prebuilt/darwin-x86_64/lib/gcc/mipsel-linux-android/4.9.x]
    arg [-L/Applications/Androidsdk/ndk-bundle/toolchains/mipsel-linux-android-4.9/prebuilt/darwin-x86_64/lib/gcc/mipsel-linux-android/4.9.x/../../../../mipsel-linux-android/lib/../lib] ==> dir [/Applications/Androidsdk/ndk-bundle/toolchains/mipsel-linux-android-4.9/prebuilt/darwin-x86_64/lib/gcc/mipsel-linux-android/4.9.x/../../../../mipsel-linux-android/lib/../lib]
    arg [-L/Applications/Androidsdk/ndk-bundle/platforms/android-9/arch-mips/usr/lib/../lib] ==> dir [/Applications/Androidsdk/ndk-bundle/platforms/android-9/arch-mips/usr/lib/../lib]
    arg [-L/Applications/Androidsdk/ndk-bundle/toolchains/mipsel-linux-android-4.9/prebuilt/darwin-x86_64/lib/gcc/mipsel-linux-android/4.9.x/../../../../mipsel-linux-android/lib] ==> dir [/Applications/Androidsdk/ndk-bundle/toolchains/mipsel-linux-android-4.9/prebuilt/darwin-x86_64/lib/gcc/mipsel-linux-android/4.9.x/../../../../mipsel-linux-android/lib]
    arg [-L/Applications/Androidsdk/ndk-bundle/platforms/android-9/arch-mips/usr/lib] ==> dir [/Applications/Androidsdk/ndk-bundle/platforms/android-9/arch-mips/usr/lib]
    arg [--build-id] ==> ignore
    arg [--warn-shared-textrel] ==> ignore
    arg [--fatal-warnings] ==> ignore
    arg [--no-undefined] ==> ignore
    arg [-znoexecstack] ==> ignore
    arg [-zrelro] ==> ignore
    arg [-znow] ==> ignore
    arg [--gc-sections] ==> ignore
    arg [-znocopyreloc] ==> ignore
    arg [--build-id] ==> ignore
    arg [--warn-shared-textrel] ==> ignore
    arg [--fatal-warnings] ==> ignore
    arg [--no-undefined] ==> ignore
    arg [-znoexecstack] ==> ignore
    arg [-zrelro] ==> ignore
    arg [-znow] ==> ignore
    arg [--gc-sections] ==> ignore
    arg [-znocopyreloc] ==> ignore
    arg [CMakeFiles/cmTC_ebd0c.dir/CMakeCXXCompilerABI.cpp.o] ==> ignore
    arg [-lstdc++] ==> lib [stdc++]
    arg [-lm] ==> lib [m]
    arg [-lgcc] ==> lib [gcc]
    arg [-lgcc] ==> lib [gcc]
    arg [-ldl] ==> lib [dl]
    arg [-lc] ==> lib [c]
    arg [-lgcc] ==> lib [gcc]
    arg [-lgcc] ==> lib [gcc]
    arg [-ldl] ==> lib [dl]
    arg [/Applications/Androidsdk/ndk-bundle/platforms/android-9/arch-mips/usr/lib/../lib/crtend_android.o] ==> ignore
  remove lib [gcc]
  remove lib [gcc]
  remove lib [gcc]
  remove lib [gcc]
  collapse library dir [/Applications/Androidsdk/ndk-bundle/toolchains/mipsel-linux-android-4.9/prebuilt/darwin-x86_64/lib/gcc/mipsel-linux-android/4.9.x] ==> [/Applications/Androidsdk/ndk-bundle/toolchains/mipsel-linux-android-4.9/prebuilt/darwin-x86_64/lib/gcc/mipsel-linux-android/4.9.x]
  collapse library dir [/Applications/Androidsdk/ndk-bundle/toolchains/mipsel-linux-android-4.9/prebuilt/darwin-x86_64/lib/gcc/mipsel-linux-android/4.9.x/../../../../mipsel-linux-android/lib/../lib] ==> [/Applications/Androidsdk/ndk-bundle/toolchains/mipsel-linux-android-4.9/prebuilt/darwin-x86_64/mipsel-linux-android/lib]
  collapse library dir [/Applications/Androidsdk/ndk-bundle/platforms/android-9/arch-mips/usr/lib/../lib] ==> [/Applications/Androidsdk/ndk-bundle/platforms/android-9/arch-mips/usr/lib]
  collapse library dir [/Applications/Androidsdk/ndk-bundle/toolchains/mipsel-linux-android-4.9/prebuilt/darwin-x86_64/lib/gcc/mipsel-linux-android/4.9.x/../../../../mipsel-linux-android/lib] ==> [/Applications/Androidsdk/ndk-bundle/toolchains/mipsel-linux-android-4.9/prebuilt/darwin-x86_64/mipsel-linux-android/lib]
  collapse library dir [/Applications/Androidsdk/ndk-bundle/platforms/android-9/arch-mips/usr/lib] ==> [/Applications/Androidsdk/ndk-bundle/platforms/android-9/arch-mips/usr/lib]
  implicit libs: [stdc++;m;dl;c;dl]
  implicit dirs: [/Applications/Androidsdk/ndk-bundle/toolchains/mipsel-linux-android-4.9/prebuilt/darwin-x86_64/lib/gcc/mipsel-linux-android/4.9.x;/Applications/Androidsdk/ndk-bundle/toolchains/mipsel-linux-android-4.9/prebuilt/darwin-x86_64/mipsel-linux-android/lib;/Applications/Androidsdk/ndk-bundle/platforms/android-9/arch-mips/usr/lib]
  implicit fwks: []


