The target system is: Android - 9 - i686
The host system is: Darwin - 15.5.0 - x86_64
Determining if the C compiler works passed with the following output:
Change Dir: /Users/hengwulan/Documents/videoplayer/app/.externalNativeBuild/cmake/debug/x86/CMakeFiles/CMakeTmp

Run Build Command:"/Applications/Androidsdk/cmake/3.6.3155560/bin/ninja" "cmTC_ede83"
[1/2] Building C object CMakeFiles/cmTC_ede83.dir/testCCompiler.c.o
[2/2] Linking C executable cmTC_ede83


Detecting C compiler ABI info compiled with the following output:
Change Dir: /Users/hengwulan/Documents/videoplayer/app/.externalNativeBuild/cmake/debug/x86/CMakeFiles/CMakeTmp

Run Build Command:"/Applications/Androidsdk/cmake/3.6.3155560/bin/ninja" "cmTC_24bc7"
[1/2] Building C object CMakeFiles/cmTC_24bc7.dir/CMakeCCompilerABI.c.o
[2/2] Linking C executable cmTC_24bc7
Android clang version 3.8.256229  (based on LLVM 3.8.256229)
Target: i686-none-linux-android
Thread model: posix
InstalledDir: /Applications/Androidsdk/ndk-bundle/toolchains/llvm/prebuilt/darwin-x86_64/bin
Found candidate GCC installation: /Applications/Androidsdk/ndk-bundle/toolchains/x86-4.9/prebuilt/darwin-x86_64/lib/gcc/i686-linux-android/4.9.x
Selected GCC installation: /Applications/Androidsdk/ndk-bundle/toolchains/x86-4.9/prebuilt/darwin-x86_64/lib/gcc/i686-linux-android/4.9.x
Candidate multilib: .;@m32
Selected multilib: .;@m32
 "/Applications/Androidsdk/ndk-bundle/toolchains/x86-4.9/prebuilt/darwin-x86_64/lib/gcc/i686-linux-android/4.9.x/../../../../i686-linux-android/bin/ld" --sysroot=/Applications/Androidsdk/ndk-bundle/platforms/android-9/arch-x86 --eh-frame-hdr -m elf_i386 -dynamic-linker /system/bin/linker -o cmTC_24bc7 /Applications/Androidsdk/ndk-bundle/platforms/android-9/arch-x86/usr/lib/crtbegin_dynamic.o -L/Applications/Androidsdk/ndk-bundle/toolchains/x86-4.9/prebuilt/darwin-x86_64/lib/gcc/i686-linux-android/4.9.x -L/Applications/Androidsdk/ndk-bundle/toolchains/x86-4.9/prebuilt/darwin-x86_64/lib/gcc/i686-linux-android/4.9.x/../../../../i686-linux-android/lib -L/Applications/Androidsdk/ndk-bundle/platforms/android-9/arch-x86/usr/lib --build-id --warn-shared-textrel --fatal-warnings --no-undefined -z noexecstack -z relro -z now --gc-sections -z nocopyreloc --build-id --warn-shared-textrel --fatal-warnings --no-undefined -z noexecstack -z relro -z now --gc-sections -z nocopyreloc CMakeFiles/cmTC_24bc7.dir/CMakeCCompilerABI.c.o -lgcc -ldl -lc -lgcc -ldl /Applications/Androidsdk/ndk-bundle/platforms/android-9/arch-x86/usr/lib/crtend_android.o


Parsed C implicit link information from above output:
  link line regex: [^( *|.*[/\])(i686-linux-android-ld|([^/\]+-)?ld|collect2)[^/\]*( |$)]
  ignore line: [Change Dir: /Users/hengwulan/Documents/videoplayer/app/.externalNativeBuild/cmake/debug/x86/CMakeFiles/CMakeTmp]
  ignore line: []
  ignore line: [Run Build Command:"/Applications/Androidsdk/cmake/3.6.3155560/bin/ninja" "cmTC_24bc7"]
  ignore line: [[1/2] Building C object CMakeFiles/cmTC_24bc7.dir/CMakeCCompilerABI.c.o]
  ignore line: [[2/2] Linking C executable cmTC_24bc7]
  ignore line: [Android clang version 3.8.256229  (based on LLVM 3.8.256229)]
  ignore line: [Target: i686-none-linux-android]
  ignore line: [Thread model: posix]
  ignore line: [InstalledDir: /Applications/Androidsdk/ndk-bundle/toolchains/llvm/prebuilt/darwin-x86_64/bin]
  ignore line: [Found candidate GCC installation: /Applications/Androidsdk/ndk-bundle/toolchains/x86-4.9/prebuilt/darwin-x86_64/lib/gcc/i686-linux-android/4.9.x]
  ignore line: [Selected GCC installation: /Applications/Androidsdk/ndk-bundle/toolchains/x86-4.9/prebuilt/darwin-x86_64/lib/gcc/i686-linux-android/4.9.x]
  ignore line: [Candidate multilib: .]
  ignore line: [@m32]
  ignore line: [Selected multilib: .]
  ignore line: [@m32]
  link line: [ "/Applications/Androidsdk/ndk-bundle/toolchains/x86-4.9/prebuilt/darwin-x86_64/lib/gcc/i686-linux-android/4.9.x/../../../../i686-linux-android/bin/ld" --sysroot=/Applications/Androidsdk/ndk-bundle/platforms/android-9/arch-x86 --eh-frame-hdr -m elf_i386 -dynamic-linker /system/bin/linker -o cmTC_24bc7 /Applications/Androidsdk/ndk-bundle/platforms/android-9/arch-x86/usr/lib/crtbegin_dynamic.o -L/Applications/Androidsdk/ndk-bundle/toolchains/x86-4.9/prebuilt/darwin-x86_64/lib/gcc/i686-linux-android/4.9.x -L/Applications/Androidsdk/ndk-bundle/toolchains/x86-4.9/prebuilt/darwin-x86_64/lib/gcc/i686-linux-android/4.9.x/../../../../i686-linux-android/lib -L/Applications/Androidsdk/ndk-bundle/platforms/android-9/arch-x86/usr/lib --build-id --warn-shared-textrel --fatal-warnings --no-undefined -z noexecstack -z relro -z now --gc-sections -z nocopyreloc --build-id --warn-shared-textrel --fatal-warnings --no-undefined -z noexecstack -z relro -z now --gc-sections -z nocopyreloc CMakeFiles/cmTC_24bc7.dir/CMakeCCompilerABI.c.o -lgcc -ldl -lc -lgcc -ldl /Applications/Androidsdk/ndk-bundle/platforms/android-9/arch-x86/usr/lib/crtend_android.o]
    arg [/Applications/Androidsdk/ndk-bundle/toolchains/x86-4.9/prebuilt/darwin-x86_64/lib/gcc/i686-linux-android/4.9.x/../../../../i686-linux-android/bin/ld] ==> ignore
    arg [--sysroot=/Applications/Androidsdk/ndk-bundle/platforms/android-9/arch-x86] ==> ignore
    arg [--eh-frame-hdr] ==> ignore
    arg [-m] ==> ignore
    arg [elf_i386] ==> ignore
    arg [-dynamic-linker] ==> ignore
    arg [/system/bin/linker] ==> ignore
    arg [-o] ==> ignore
    arg [cmTC_24bc7] ==> ignore
    arg [/Applications/Androidsdk/ndk-bundle/platforms/android-9/arch-x86/usr/lib/crtbegin_dynamic.o] ==> ignore
    arg [-L/Applications/Androidsdk/ndk-bundle/toolchains/x86-4.9/prebuilt/darwin-x86_64/lib/gcc/i686-linux-android/4.9.x] ==> dir [/Applications/Androidsdk/ndk-bundle/toolchains/x86-4.9/prebuilt/darwin-x86_64/lib/gcc/i686-linux-android/4.9.x]
    arg [-L/Applications/Androidsdk/ndk-bundle/toolchains/x86-4.9/prebuilt/darwin-x86_64/lib/gcc/i686-linux-android/4.9.x/../../../../i686-linux-android/lib] ==> dir [/Applications/Androidsdk/ndk-bundle/toolchains/x86-4.9/prebuilt/darwin-x86_64/lib/gcc/i686-linux-android/4.9.x/../../../../i686-linux-android/lib]
    arg [-L/Applications/Androidsdk/ndk-bundle/platforms/android-9/arch-x86/usr/lib] ==> dir [/Applications/Androidsdk/ndk-bundle/platforms/android-9/arch-x86/usr/lib]
    arg [--build-id] ==> ignore
    arg [--warn-shared-textrel] ==> ignore
    arg [--fatal-warnings] ==> ignore
    arg [--no-undefined] ==> ignore
    arg [-znoexecstack] ==> ignore
    arg [-zrelro] ==> ignore
    arg [-znow] ==> ignore
    arg [--gc-sections] ==> ignore
    arg [-znocopyreloc] ==> ignore
    arg [--build-id] ==> ignore
    arg [--warn-shared-textrel] ==> ignore
    arg [--fatal-warnings] ==> ignore
    arg [--no-undefined] ==> ignore
    arg [-znoexecstack] ==> ignore
    arg [-zrelro] ==> ignore
    arg [-znow] ==> ignore
    arg [--gc-sections] ==> ignore
    arg [-znocopyreloc] ==> ignore
    arg [CMakeFiles/cmTC_24bc7.dir/CMakeCCompilerABI.c.o] ==> ignore
    arg [-lgcc] ==> lib [gcc]
    arg [-ldl] ==> lib [dl]
    arg [-lc] ==> lib [c]
    arg [-lgcc] ==> lib [gcc]
    arg [-ldl] ==> lib [dl]
    arg [/Applications/Androidsdk/ndk-bundle/platforms/android-9/arch-x86/usr/lib/crtend_android.o] ==> ignore
  remove lib [gcc]
  remove lib [gcc]
  collapse library dir [/Applications/Androidsdk/ndk-bundle/toolchains/x86-4.9/prebuilt/darwin-x86_64/lib/gcc/i686-linux-android/4.9.x] ==> [/Applications/Androidsdk/ndk-bundle/toolchains/x86-4.9/prebuilt/darwin-x86_64/lib/gcc/i686-linux-android/4.9.x]
  collapse library dir [/Applications/Androidsdk/ndk-bundle/toolchains/x86-4.9/prebuilt/darwin-x86_64/lib/gcc/i686-linux-android/4.9.x/../../../../i686-linux-android/lib] ==> [/Applications/Androidsdk/ndk-bundle/toolchains/x86-4.9/prebuilt/darwin-x86_64/i686-linux-android/lib]
  collapse library dir [/Applications/Androidsdk/ndk-bundle/platforms/android-9/arch-x86/usr/lib] ==> [/Applications/Androidsdk/ndk-bundle/platforms/android-9/arch-x86/usr/lib]
  implicit libs: [dl;c;dl]
  implicit dirs: [/Applications/Androidsdk/ndk-bundle/toolchains/x86-4.9/prebuilt/darwin-x86_64/lib/gcc/i686-linux-android/4.9.x;/Applications/Androidsdk/ndk-bundle/toolchains/x86-4.9/prebuilt/darwin-x86_64/i686-linux-android/lib;/Applications/Androidsdk/ndk-bundle/platforms/android-9/arch-x86/usr/lib]
  implicit fwks: []


Determining if the CXX compiler works passed with the following output:
Change Dir: /Users/hengwulan/Documents/videoplayer/app/.externalNativeBuild/cmake/debug/x86/CMakeFiles/CMakeTmp

Run Build Command:"/Applications/Androidsdk/cmake/3.6.3155560/bin/ninja" "cmTC_f27e9"
[1/2] Building CXX object CMakeFiles/cmTC_f27e9.dir/testCXXCompiler.cxx.o
[2/2] Linking CXX executable cmTC_f27e9


Detecting CXX compiler ABI info compiled with the following output:
Change Dir: /Users/hengwulan/Documents/videoplayer/app/.externalNativeBuild/cmake/debug/x86/CMakeFiles/CMakeTmp

Run Build Command:"/Applications/Androidsdk/cmake/3.6.3155560/bin/ninja" "cmTC_c1a05"
[1/2] Building CXX object CMakeFiles/cmTC_c1a05.dir/CMakeCXXCompilerABI.cpp.o
[2/2] Linking CXX executable cmTC_c1a05
Android clang version 3.8.256229  (based on LLVM 3.8.256229)
Target: i686-none-linux-android
Thread model: posix
InstalledDir: /Applications/Androidsdk/ndk-bundle/toolchains/llvm/prebuilt/darwin-x86_64/bin
Found candidate GCC installation: /Applications/Androidsdk/ndk-bundle/toolchains/x86-4.9/prebuilt/darwin-x86_64/lib/gcc/i686-linux-android/4.9.x
Selected GCC installation: /Applications/Androidsdk/ndk-bundle/toolchains/x86-4.9/prebuilt/darwin-x86_64/lib/gcc/i686-linux-android/4.9.x
Candidate multilib: .;@m32
Selected multilib: .;@m32
 "/Applications/Androidsdk/ndk-bundle/toolchains/x86-4.9/prebuilt/darwin-x86_64/lib/gcc/i686-linux-android/4.9.x/../../../../i686-linux-android/bin/ld" --sysroot=/Applications/Androidsdk/ndk-bundle/platforms/android-9/arch-x86 --eh-frame-hdr -m elf_i386 -dynamic-linker /system/bin/linker -o cmTC_c1a05 /Applications/Androidsdk/ndk-bundle/platforms/android-9/arch-x86/usr/lib/crtbegin_dynamic.o -L/Applications/Androidsdk/ndk-bundle/toolchains/x86-4.9/prebuilt/darwin-x86_64/lib/gcc/i686-linux-android/4.9.x -L/Applications/Androidsdk/ndk-bundle/toolchains/x86-4.9/prebuilt/darwin-x86_64/lib/gcc/i686-linux-android/4.9.x/../../../../i686-linux-android/lib -L/Applications/Androidsdk/ndk-bundle/platforms/android-9/arch-x86/usr/lib --build-id --warn-shared-textrel --fatal-warnings --no-undefined -z noexecstack -z relro -z now --gc-sections -z nocopyreloc --build-id --warn-shared-textrel --fatal-warnings --no-undefined -z noexecstack -z relro -z now --gc-sections -z nocopyreloc CMakeFiles/cmTC_c1a05.dir/CMakeCXXCompilerABI.cpp.o -lstdc++ -lm -lgcc -lgcc -ldl -lc -lgcc -lgcc -ldl /Applications/Androidsdk/ndk-bundle/platforms/android-9/arch-x86/usr/lib/crtend_android.o


Parsed CXX implicit link information from above output:
  link line regex: [^( *|.*[/\])(i686-linux-android-ld|([^/\]+-)?ld|collect2)[^/\]*( |$)]
  ignore line: [Change Dir: /Users/hengwulan/Documents/videoplayer/app/.externalNativeBuild/cmake/debug/x86/CMakeFiles/CMakeTmp]
  ignore line: []
  ignore line: [Run Build Command:"/Applications/Androidsdk/cmake/3.6.3155560/bin/ninja" "cmTC_c1a05"]
  ignore line: [[1/2] Building CXX object CMakeFiles/cmTC_c1a05.dir/CMakeCXXCompilerABI.cpp.o]
  ignore line: [[2/2] Linking CXX executable cmTC_c1a05]
  ignore line: [Android clang version 3.8.256229  (based on LLVM 3.8.256229)]
  ignore line: [Target: i686-none-linux-android]
  ignore line: [Thread model: posix]
  ignore line: [InstalledDir: /Applications/Androidsdk/ndk-bundle/toolchains/llvm/prebuilt/darwin-x86_64/bin]
  ignore line: [Found candidate GCC installation: /Applications/Androidsdk/ndk-bundle/toolchains/x86-4.9/prebuilt/darwin-x86_64/lib/gcc/i686-linux-android/4.9.x]
  ignore line: [Selected GCC installation: /Applications/Androidsdk/ndk-bundle/toolchains/x86-4.9/prebuilt/darwin-x86_64/lib/gcc/i686-linux-android/4.9.x]
  ignore line: [Candidate multilib: .]
  ignore line: [@m32]
  ignore line: [Selected multilib: .]
  ignore line: [@m32]
  link line: [ "/Applications/Androidsdk/ndk-bundle/toolchains/x86-4.9/prebuilt/darwin-x86_64/lib/gcc/i686-linux-android/4.9.x/../../../../i686-linux-android/bin/ld" --sysroot=/Applications/Androidsdk/ndk-bundle/platforms/android-9/arch-x86 --eh-frame-hdr -m elf_i386 -dynamic-linker /system/bin/linker -o cmTC_c1a05 /Applications/Androidsdk/ndk-bundle/platforms/android-9/arch-x86/usr/lib/crtbegin_dynamic.o -L/Applications/Androidsdk/ndk-bundle/toolchains/x86-4.9/prebuilt/darwin-x86_64/lib/gcc/i686-linux-android/4.9.x -L/Applications/Androidsdk/ndk-bundle/toolchains/x86-4.9/prebuilt/darwin-x86_64/lib/gcc/i686-linux-android/4.9.x/../../../../i686-linux-android/lib -L/Applications/Androidsdk/ndk-bundle/platforms/android-9/arch-x86/usr/lib --build-id --warn-shared-textrel --fatal-warnings --no-undefined -z noexecstack -z relro -z now --gc-sections -z nocopyreloc --build-id --warn-shared-textrel --fatal-warnings --no-undefined -z noexecstack -z relro -z now --gc-sections -z nocopyreloc CMakeFiles/cmTC_c1a05.dir/CMakeCXXCompilerABI.cpp.o -lstdc++ -lm -lgcc -lgcc -ldl -lc -lgcc -lgcc -ldl /Applications/Androidsdk/ndk-bundle/platforms/android-9/arch-x86/usr/lib/crtend_android.o]
    arg [/Applications/Androidsdk/ndk-bundle/toolchains/x86-4.9/prebuilt/darwin-x86_64/lib/gcc/i686-linux-android/4.9.x/../../../../i686-linux-android/bin/ld] ==> ignore
    arg [--sysroot=/Applications/Androidsdk/ndk-bundle/platforms/android-9/arch-x86] ==> ignore
    arg [--eh-frame-hdr] ==> ignore
    arg [-m] ==> ignore
    arg [elf_i386] ==> ignore
    arg [-dynamic-linker] ==> ignore
    arg [/system/bin/linker] ==> ignore
    arg [-o] ==> ignore
    arg [cmTC_c1a05] ==> ignore
    arg [/Applications/Androidsdk/ndk-bundle/platforms/android-9/arch-x86/usr/lib/crtbegin_dynamic.o] ==> ignore
    arg [-L/Applications/Androidsdk/ndk-bundle/toolchains/x86-4.9/prebuilt/darwin-x86_64/lib/gcc/i686-linux-android/4.9.x] ==> dir [/Applications/Androidsdk/ndk-bundle/toolchains/x86-4.9/prebuilt/darwin-x86_64/lib/gcc/i686-linux-android/4.9.x]
    arg [-L/Applications/Androidsdk/ndk-bundle/toolchains/x86-4.9/prebuilt/darwin-x86_64/lib/gcc/i686-linux-android/4.9.x/../../../../i686-linux-android/lib] ==> dir [/Applications/Androidsdk/ndk-bundle/toolchains/x86-4.9/prebuilt/darwin-x86_64/lib/gcc/i686-linux-android/4.9.x/../../../../i686-linux-android/lib]
    arg [-L/Applications/Androidsdk/ndk-bundle/platforms/android-9/arch-x86/usr/lib] ==> dir [/Applications/Androidsdk/ndk-bundle/platforms/android-9/arch-x86/usr/lib]
    arg [--build-id] ==> ignore
    arg [--warn-shared-textrel] ==> ignore
    arg [--fatal-warnings] ==> ignore
    arg [--no-undefined] ==> ignore
    arg [-znoexecstack] ==> ignore
    arg [-zrelro] ==> ignore
    arg [-znow] ==> ignore
    arg [--gc-sections] ==> ignore
    arg [-znocopyreloc] ==> ignore
    arg [--build-id] ==> ignore
    arg [--warn-shared-textrel] ==> ignore
    arg [--fatal-warnings] ==> ignore
    arg [--no-undefined] ==> ignore
    arg [-znoexecstack] ==> ignore
    arg [-zrelro] ==> ignore
    arg [-znow] ==> ignore
    arg [--gc-sections] ==> ignore
    arg [-znocopyreloc] ==> ignore
    arg [CMakeFiles/cmTC_c1a05.dir/CMakeCXXCompilerABI.cpp.o] ==> ignore
    arg [-lstdc++] ==> lib [stdc++]
    arg [-lm] ==> lib [m]
    arg [-lgcc] ==> lib [gcc]
    arg [-lgcc] ==> lib [gcc]
    arg [-ldl] ==> lib [dl]
    arg [-lc] ==> lib [c]
    arg [-lgcc] ==> lib [gcc]
    arg [-lgcc] ==> lib [gcc]
    arg [-ldl] ==> lib [dl]
    arg [/Applications/Androidsdk/ndk-bundle/platforms/android-9/arch-x86/usr/lib/crtend_android.o] ==> ignore
  remove lib [gcc]
  remove lib [gcc]
  remove lib [gcc]
  remove lib [gcc]
  collapse library dir [/Applications/Androidsdk/ndk-bundle/toolchains/x86-4.9/prebuilt/darwin-x86_64/lib/gcc/i686-linux-android/4.9.x] ==> [/Applications/Androidsdk/ndk-bundle/toolchains/x86-4.9/prebuilt/darwin-x86_64/lib/gcc/i686-linux-android/4.9.x]
  collapse library dir [/Applications/Androidsdk/ndk-bundle/toolchains/x86-4.9/prebuilt/darwin-x86_64/lib/gcc/i686-linux-android/4.9.x/../../../../i686-linux-android/lib] ==> [/Applications/Androidsdk/ndk-bundle/toolchains/x86-4.9/prebuilt/darwin-x86_64/i686-linux-android/lib]
  collapse library dir [/Applications/Androidsdk/ndk-bundle/platforms/android-9/arch-x86/usr/lib] ==> [/Applications/Androidsdk/ndk-bundle/platforms/android-9/arch-x86/usr/lib]
  implicit libs: [stdc++;m;dl;c;dl]
  implicit dirs: [/Applications/Androidsdk/ndk-bundle/toolchains/x86-4.9/prebuilt/darwin-x86_64/lib/gcc/i686-linux-android/4.9.x;/Applications/Androidsdk/ndk-bundle/toolchains/x86-4.9/prebuilt/darwin-x86_64/i686-linux-android/lib;/Applications/Androidsdk/ndk-bundle/platforms/android-9/arch-x86/usr/lib]
  implicit fwks: []


